<?xml version="1.0" encoding="UTF-8"?>
<!-- Generated by org.testng.reporters.JUnitReportReporter -->
<testsuite skipped="0" hostname="LAPTOP-DPRMTU75" name="qaclickacademy.RESTAPITest" tests="2" failures="0" timestamp="2019-10-22T16:42:26 IST" time="0.000" errors="0">
  <testcase name="deleteTwitter" time="0.000" classname="qaclickacademy.RESTAPITest"/>
  <testcase name="postJira" time="0.000" classname="qaclickacademy.RESTAPITest"/>
</testsuite> <!-- qaclickacademy.RESTAPITest -->
